2015/02/11 15:28:51 [error] [exception.CHttpException.404] exception 'CHttpException' with message 'Unable to resolve the request "main/index".' in C:\OpenServer\domains\dwcms\framework\web\CWebApplication.php:286
Stack trace:
#0 C:\OpenServer\domains\dwcms\framework\web\CWebApplication.php(141): CWebApplication->runController('main/index')
#1 C:\OpenServer\domains\dwcms\framework\base\CApplication.php(184): CWebApplication->processRequest()
#2 C:\OpenServer\domains\dwcms\index.php(13): CApplication->run()
#3 {main}
REQUEST_URI=/
---
2015/02/11 15:47:51 [error] [exception.CDbException] exception 'CDbException' with message 'CDbConnection.connectionString cannot be empty.' in C:\OpenServer\domains\dwcms\framework\db\CDbConnection.php:387
Stack trace:
#0 C:\OpenServer\domains\dwcms\framework\db\CDbConnection.php(347): CDbConnection->open()
#1 C:\OpenServer\domains\dwcms\framework\db\CDbConnection.php(325): CDbConnection->setActive(true)
#2 C:\OpenServer\domains\dwcms\framework\base\CModule.php(394): CDbConnection->init()
#3 C:\OpenServer\domains\dwcms\framework\base\CModule.php(103): CModule->getComponent('db')
#4 C:\OpenServer\domains\dwcms\framework\gii\generators\model\ModelCode.php(60): CModule->__get('db')
#5 C:\OpenServer\domains\dwcms\framework\web\CFormModel.php(39): ModelCode->init()
#6 C:\OpenServer\domains\dwcms\framework\gii\CCodeGenerator.php(153): CFormModel->__construct()
#7 C:\OpenServer\domains\dwcms\framework\gii\CCodeGenerator.php(63): CCodeGenerator->prepare()
#8 C:\OpenServer\domains\dwcms\framework\web\actions\CInlineAction.php(49): CCodeGenerator->actionIndex()
#9 C:\OpenServer\domains\dwcms\framework\web\CController.php(308): CInlineAction->runWithParams(Array)
#10 C:\OpenServer\domains\dwcms\framework\web\CController.php(286): CController->runAction(Object(CInlineAction))
#11 C:\OpenServer\domains\dwcms\framework\web\CController.php(265): CController->runActionWithFilters(Object(CInlineAction), Array)
#12 C:\OpenServer\domains\dwcms\framework\web\CWebApplication.php(282): CController->run('index')
#13 C:\OpenServer\domains\dwcms\framework\web\CWebApplication.php(141): CWebApplication->runController('gii/model/index')
#14 C:\OpenServer\domains\dwcms\framework\base\CApplication.php(184): CWebApplication->processRequest()
#15 C:\OpenServer\domains\dwcms\index.php(13): CApplication->run()
#16 {main}
REQUEST_URI=/gii/model/index?language=en
HTTP_REFERER=http://system.loc/gii/model/index?language=en
---
2015/02/11 15:48:42 [error] [exception.CException] exception 'CException' with message 'Object configuration must be an array containing a "class" element.' in C:\OpenServer\domains\dwcms\framework\YiiBase.php:193
Stack trace:
#0 C:\OpenServer\domains\dwcms\framework\base\CModule.php(393): YiiBase::createComponent(Array)
#1 C:\OpenServer\domains\dwcms\framework\gii\generators\model\ModelGenerator.php(17): CModule->getComponent('trans')
#2 [internal function]: ModelGenerator->actionGetTableNames('trans')
#3 C:\OpenServer\domains\dwcms\framework\web\actions\CAction.php(109): ReflectionMethod->invokeArgs(Object(ModelGenerator), Array)
#4 C:\OpenServer\domains\dwcms\framework\web\actions\CInlineAction.php(47): CAction->runWithParamsInternal(Object(ModelGenerator), Object(ReflectionMethod), Array)
#5 C:\OpenServer\domains\dwcms\framework\web\CController.php(308): CInlineAction->runWithParams(Array)
#6 C:\OpenServer\domains\dwcms\framework\web\CController.php(286): CController->runAction(Object(CInlineAction))
#7 C:\OpenServer\domains\dwcms\framework\web\CController.php(265): CController->runActionWithFilters(Object(CInlineAction), Array)
#8 C:\OpenServer\domains\dwcms\framework\web\CWebApplication.php(282): CController->run('getTableNames')
#9 C:\OpenServer\domains\dwcms\framework\web\CWebApplication.php(141): CWebApplication->runController('gii/model/getTa...')
#10 C:\OpenServer\domains\dwcms\framework\base\CApplication.php(184): CWebApplication->processRequest()
#11 C:\OpenServer\domains\dwcms\index.php(13): CApplication->run()
#12 {main}
REQUEST_URI=/gii/model/getTableNames?language=en&db=trans
HTTP_REFERER=http://system.loc/gii/model/index?language=en
---
2015/02/11 15:49:52 [error] [exception.CException] exception 'CException' with message 'Object configuration must be an array containing a "class" element.' in C:\OpenServer\domains\dwcms\framework\YiiBase.php:193
Stack trace:
#0 C:\OpenServer\domains\dwcms\framework\base\CModule.php(393): YiiBase::createComponent(Array)
#1 C:\OpenServer\domains\dwcms\framework\gii\generators\model\ModelCode.php(428): CModule->getComponent('trans')
#2 C:\OpenServer\domains\dwcms\framework\validators\CInlineValidator.php(42): ModelCode->validateConnectionId('connectionId', Array)
#3 C:\OpenServer\domains\dwcms\framework\validators\CValidator.php(201): CInlineValidator->validateAttribute(Object(ModelCode), 'connectionId')
#4 C:\OpenServer\domains\dwcms\framework\base\CModel.php(159): CValidator->validate(Object(ModelCode), NULL)
#5 C:\OpenServer\domains\dwcms\framework\gii\CCodeGenerator.php(159): CModel->validate()
#6 C:\OpenServer\domains\dwcms\framework\gii\CCodeGenerator.php(63): CCodeGenerator->prepare()
#7 C:\OpenServer\domains\dwcms\framework\web\actions\CInlineAction.php(49): CCodeGenerator->actionIndex()
#8 C:\OpenServer\domains\dwcms\framework\web\CController.php(308): CInlineAction->runWithParams(Array)
#9 C:\OpenServer\domains\dwcms\framework\web\CController.php(286): CController->runAction(Object(CInlineAction))
#10 C:\OpenServer\domains\dwcms\framework\web\CController.php(265): CController->runActionWithFilters(Object(CInlineAction), Array)
#11 C:\OpenServer\domains\dwcms\framework\web\CWebApplication.php(282): CController->run('index')
#12 C:\OpenServer\domains\dwcms\framework\web\CWebApplication.php(141): CWebApplication->runController('gii/model/index')
#13 C:\OpenServer\domains\dwcms\framework\base\CApplication.php(184): CWebApplication->processRequest()
#14 C:\OpenServer\domains\dwcms\index.php(13): CApplication->run()
#15 {main}
REQUEST_URI=/gii/model/index?language=en
HTTP_REFERER=http://system.loc/gii/model/index?language=en
---
2015/02/11 15:51:14 [error] [exception.CException] exception 'CException' with message 'Object configuration must be an array containing a "class" element.' in C:\OpenServer\domains\dwcms\framework\YiiBase.php:193
Stack trace:
#0 C:\OpenServer\domains\dwcms\framework\base\CModule.php(393): YiiBase::createComponent(Array)
#1 C:\OpenServer\domains\dwcms\framework\gii\generators\model\ModelGenerator.php(17): CModule->getComponent('trans')
#2 [internal function]: ModelGenerator->actionGetTableNames('trans')
#3 C:\OpenServer\domains\dwcms\framework\web\actions\CAction.php(109): ReflectionMethod->invokeArgs(Object(ModelGenerator), Array)
#4 C:\OpenServer\domains\dwcms\framework\web\actions\CInlineAction.php(47): CAction->runWithParamsInternal(Object(ModelGenerator), Object(ReflectionMethod), Array)
#5 C:\OpenServer\domains\dwcms\framework\web\CController.php(308): CInlineAction->runWithParams(Array)
#6 C:\OpenServer\domains\dwcms\framework\web\CController.php(286): CController->runAction(Object(CInlineAction))
#7 C:\OpenServer\domains\dwcms\framework\web\CController.php(265): CController->runActionWithFilters(Object(CInlineAction), Array)
#8 C:\OpenServer\domains\dwcms\framework\web\CWebApplication.php(282): CController->run('getTableNames')
#9 C:\OpenServer\domains\dwcms\framework\web\CWebApplication.php(141): CWebApplication->runController('gii/model/getTa...')
#10 C:\OpenServer\domains\dwcms\framework\base\CApplication.php(184): CWebApplication->processRequest()
#11 C:\OpenServer\domains\dwcms\index.php(13): CApplication->run()
#12 {main}
REQUEST_URI=/gii/model/getTableNames?language=en&db=trans
HTTP_REFERER=http://system.loc/gii/model/index?language=en
---
2015/02/11 15:51:23 [error] [exception.CException] exception 'CException' with message 'Object configuration must be an array containing a "class" element.' in C:\OpenServer\domains\dwcms\framework\YiiBase.php:193
Stack trace:
#0 C:\OpenServer\domains\dwcms\framework\base\CModule.php(393): YiiBase::createComponent(Array)
#1 C:\OpenServer\domains\dwcms\framework\gii\generators\model\ModelGenerator.php(17): CModule->getComponent('trans')
#2 [internal function]: ModelGenerator->actionGetTableNames('trans')
#3 C:\OpenServer\domains\dwcms\framework\web\actions\CAction.php(109): ReflectionMethod->invokeArgs(Object(ModelGenerator), Array)
#4 C:\OpenServer\domains\dwcms\framework\web\actions\CInlineAction.php(47): CAction->runWithParamsInternal(Object(ModelGenerator), Object(ReflectionMethod), Array)
#5 C:\OpenServer\domains\dwcms\framework\web\CController.php(308): CInlineAction->runWithParams(Array)
#6 C:\OpenServer\domains\dwcms\framework\web\CController.php(286): CController->runAction(Object(CInlineAction))
#7 C:\OpenServer\domains\dwcms\framework\web\CController.php(265): CController->runActionWithFilters(Object(CInlineAction), Array)
#8 C:\OpenServer\domains\dwcms\framework\web\CWebApplication.php(282): CController->run('getTableNames')
#9 C:\OpenServer\domains\dwcms\framework\web\CWebApplication.php(141): CWebApplication->runController('gii/model/getTa...')
#10 C:\OpenServer\domains\dwcms\framework\base\CApplication.php(184): CWebApplication->processRequest()
#11 C:\OpenServer\domains\dwcms\index.php(13): CApplication->run()
#12 {main}
REQUEST_URI=/gii/model/getTableNames?language=en&db=trans
HTTP_REFERER=http://system.loc/gii/model/index?language=en
---
2015/02/11 15:52:03 [error] [exception.CException] exception 'CException' with message 'Object configuration must be an array containing a "class" element.' in C:\OpenServer\domains\dwcms\framework\YiiBase.php:193
Stack trace:
#0 C:\OpenServer\domains\dwcms\framework\base\CModule.php(393): YiiBase::createComponent(Array)
#1 C:\OpenServer\domains\dwcms\framework\gii\generators\model\ModelCode.php(428): CModule->getComponent('trans')
#2 C:\OpenServer\domains\dwcms\framework\validators\CInlineValidator.php(42): ModelCode->validateConnectionId('connectionId', Array)
#3 C:\OpenServer\domains\dwcms\framework\validators\CValidator.php(201): CInlineValidator->validateAttribute(Object(ModelCode), 'connectionId')
#4 C:\OpenServer\domains\dwcms\framework\base\CModel.php(159): CValidator->validate(Object(ModelCode), NULL)
#5 C:\OpenServer\domains\dwcms\framework\gii\CCodeGenerator.php(159): CModel->validate()
#6 C:\OpenServer\domains\dwcms\framework\gii\CCodeGenerator.php(63): CCodeGenerator->prepare()
#7 C:\OpenServer\domains\dwcms\framework\web\actions\CInlineAction.php(49): CCodeGenerator->actionIndex()
#8 C:\OpenServer\domains\dwcms\framework\web\CController.php(308): CInlineAction->runWithParams(Array)
#9 C:\OpenServer\domains\dwcms\framework\web\CController.php(286): CController->runAction(Object(CInlineAction))
#10 C:\OpenServer\domains\dwcms\framework\web\CController.php(265): CController->runActionWithFilters(Object(CInlineAction), Array)
#11 C:\OpenServer\domains\dwcms\framework\web\CWebApplication.php(282): CController->run('index')
#12 C:\OpenServer\domains\dwcms\framework\web\CWebApplication.php(141): CWebApplication->runController('gii/model/index')
#13 C:\OpenServer\domains\dwcms\framework\base\CApplication.php(184): CWebApplication->processRequest()
#14 C:\OpenServer\domains\dwcms\index.php(13): CApplication->run()
#15 {main}
REQUEST_URI=/gii/model/index?language=en
HTTP_REFERER=http://system.loc/gii/model/index?language=en
---
2015/03/06 12:28:07 [error] [exception.CHttpException.404] exception 'CHttpException' with message 'Unable to resolve the request "favicon.ico".' in C:\OpenServer\domains\_common\dwcms\framework\web\CWebApplication.php:286
Stack trace:
#0 C:\OpenServer\domains\_common\dwcms\framework\web\CWebApplication.php(141): CWebApplication->runController('favicon.ico')
#1 C:\OpenServer\domains\_common\dwcms\framework\base\CApplication.php(184): CWebApplication->processRequest()
#2 C:\OpenServer\domains\_common\dwcms\index.php(15): CApplication->run()
#3 {main}
REQUEST_URI=/favicon.ico
---
2015/03/06 12:28:07 [error] [exception.CHttpException.404] exception 'CHttpException' with message 'Unable to resolve the request "favicon.ico".' in C:\OpenServer\domains\_common\dwcms\framework\web\CWebApplication.php:286
Stack trace:
#0 C:\OpenServer\domains\_common\dwcms\framework\web\CWebApplication.php(141): CWebApplication->runController('favicon.ico')
#1 C:\OpenServer\domains\_common\dwcms\framework\base\CApplication.php(184): CWebApplication->processRequest()
#2 C:\OpenServer\domains\_common\dwcms\index.php(15): CApplication->run()
#3 {main}
REQUEST_URI=/favicon.ico
---
2015/03/06 14:25:59 [error] [exception.CHttpException.404] exception 'CHttpException' with message 'Unable to resolve the request "admin/main/index".' in C:\OpenServer\domains\_common\dwcms\framework\web\CWebApplication.php:286
Stack trace:
#0 C:\OpenServer\domains\_common\dwcms\framework\web\CWebApplication.php(141): CWebApplication->runController('admin/main/inde...')
#1 C:\OpenServer\domains\_common\dwcms\framework\base\CApplication.php(184): CWebApplication->processRequest()
#2 C:\OpenServer\domains\_common\dwcms\index.php(15): CApplication->run()
#3 {main}
REQUEST_URI=/admin
---
2015/03/06 14:26:12 [error] [exception.CHttpException.404] exception 'CHttpException' with message 'Unable to resolve the request "admin/index".' in C:\OpenServer\domains\_common\dwcms\framework\web\CWebApplication.php:286
Stack trace:
#0 C:\OpenServer\domains\_common\dwcms\framework\web\CWebApplication.php(141): CWebApplication->runController('admin/index')
#1 C:\OpenServer\domains\_common\dwcms\framework\base\CApplication.php(184): CWebApplication->processRequest()
#2 C:\OpenServer\domains\_common\dwcms\index.php(15): CApplication->run()
#3 {main}
REQUEST_URI=/en/admin
---
2015/03/06 14:26:24 [error] [exception.CHttpException.404] exception 'CHttpException' with message 'Unable to resolve the request "admin/main/index".' in C:\OpenServer\domains\_common\dwcms\framework\web\CWebApplication.php:286
Stack trace:
#0 C:\OpenServer\domains\_common\dwcms\framework\web\CWebApplication.php(141): CWebApplication->runController('admin/main/inde...')
#1 C:\OpenServer\domains\_common\dwcms\framework\base\CApplication.php(184): CWebApplication->processRequest()
#2 C:\OpenServer\domains\_common\dwcms\index.php(15): CApplication->run()
#3 {main}
REQUEST_URI=/admin
---
2015/03/06 14:27:35 [error] [exception.CHttpException.404] exception 'CHttpException' with message 'Unable to resolve the request "admin/main/index".' in C:\OpenServer\domains\_common\dwcms\framework\web\CWebApplication.php:286
Stack trace:
#0 C:\OpenServer\domains\_common\dwcms\framework\web\CWebApplication.php(141): CWebApplication->runController('admin/main/inde...')
#1 C:\OpenServer\domains\_common\dwcms\framework\base\CApplication.php(184): CWebApplication->processRequest()
#2 C:\OpenServer\domains\_common\dwcms\index.php(15): CApplication->run()
#3 {main}
REQUEST_URI=/admin
---
2015/03/06 14:27:46 [error] [exception.CHttpException.404] exception 'CHttpException' with message 'Unable to resolve the request "admin/main/index".' in C:\OpenServer\domains\_common\dwcms\framework\web\CWebApplication.php:286
Stack trace:
#0 C:\OpenServer\domains\_common\dwcms\framework\web\CWebApplication.php(141): CWebApplication->runController('admin/main/inde...')
#1 C:\OpenServer\domains\_common\dwcms\framework\base\CApplication.php(184): CWebApplication->processRequest()
#2 C:\OpenServer\domains\_common\dwcms\index.php(15): CApplication->run()
#3 {main}
REQUEST_URI=/admin/
---
2015/03/06 14:27:56 [error] [exception.CHttpException.404] exception 'CHttpException' with message 'Unable to resolve the request "admin/main/index".' in C:\OpenServer\domains\_common\dwcms\framework\web\CWebApplication.php:286
Stack trace:
#0 C:\OpenServer\domains\_common\dwcms\framework\web\CWebApplication.php(141): CWebApplication->runController('admin/main/inde...')
#1 C:\OpenServer\domains\_common\dwcms\framework\base\CApplication.php(184): CWebApplication->processRequest()
#2 C:\OpenServer\domains\_common\dwcms\index.php(15): CApplication->run()
#3 {main}
REQUEST_URI=/en/admin
---
2015/03/06 14:28:49 [error] [exception.CHttpException.404] exception 'CHttpException' with message 'Unable to resolve the request "admin/index".' in C:\OpenServer\domains\_common\dwcms\framework\web\CWebApplication.php:286
Stack trace:
#0 C:\OpenServer\domains\_common\dwcms\framework\web\CWebApplication.php(141): CWebApplication->runController('admin/index')
#1 C:\OpenServer\domains\_common\dwcms\framework\base\CApplication.php(184): CWebApplication->processRequest()
#2 C:\OpenServer\domains\_common\dwcms\index.php(15): CApplication->run()
#3 {main}
REQUEST_URI=/en/admin
---
2015/03/06 14:29:26 [error] [exception.CHttpException.404] exception 'CHttpException' with message 'Unable to resolve the request "admin/index".' in C:\OpenServer\domains\_common\dwcms\framework\web\CWebApplication.php:286
Stack trace:
#0 C:\OpenServer\domains\_common\dwcms\framework\web\CWebApplication.php(141): CWebApplication->runController('admin/index')
#1 C:\OpenServer\domains\_common\dwcms\framework\base\CApplication.php(184): CWebApplication->processRequest()
#2 C:\OpenServer\domains\_common\dwcms\index.php(15): CApplication->run()
#3 {main}
REQUEST_URI=/en/admin
---
2015/03/06 14:30:00 [error] [exception.CHttpException.404] exception 'CHttpException' with message 'Unable to resolve the request "admin/login/index".' in C:\OpenServer\domains\_common\dwcms\framework\web\CWebApplication.php:286
Stack trace:
#0 C:\OpenServer\domains\_common\dwcms\framework\web\CWebApplication.php(141): CWebApplication->runController('admin/login/ind...')
#1 C:\OpenServer\domains\_common\dwcms\framework\base\CApplication.php(184): CWebApplication->processRequest()
#2 C:\OpenServer\domains\_common\dwcms\index.php(15): CApplication->run()
#3 {main}
REQUEST_URI=/en/admin/login
---
2015/03/06 14:30:16 [error] [exception.CHttpException.404] exception 'CHttpException' with message 'Unable to resolve the request "admin/index/index".' in C:\OpenServer\domains\_common\dwcms\framework\web\CWebApplication.php:286
Stack trace:
#0 C:\OpenServer\domains\_common\dwcms\framework\web\CWebApplication.php(141): CWebApplication->runController('admin/index/ind...')
#1 C:\OpenServer\domains\_common\dwcms\framework\base\CApplication.php(184): CWebApplication->processRequest()
#2 C:\OpenServer\domains\_common\dwcms\index.php(15): CApplication->run()
#3 {main}
REQUEST_URI=/en/admin/index
---
2015/03/09 13:01:24 [error] [exception.CHttpException.404] exception 'CHttpException' with message 'Unable to resolve the request "favicon.ico".' in C:\OpenServer\domains\_common\dwcms\framework\web\CWebApplication.php:286
Stack trace:
#0 C:\OpenServer\domains\_common\dwcms\framework\web\CWebApplication.php(141): CWebApplication->runController('favicon.ico')
#1 C:\OpenServer\domains\_common\dwcms\framework\base\CApplication.php(184): CWebApplication->processRequest()
#2 C:\OpenServer\domains\_common\dwcms\index.php(15): CApplication->run()
#3 {main}
REQUEST_URI=/favicon.ico
---
2015/03/09 13:01:24 [error] [exception.CHttpException.404] exception 'CHttpException' with message 'Unable to resolve the request "favicon.ico".' in C:\OpenServer\domains\_common\dwcms\framework\web\CWebApplication.php:286
Stack trace:
#0 C:\OpenServer\domains\_common\dwcms\framework\web\CWebApplication.php(141): CWebApplication->runController('favicon.ico')
#1 C:\OpenServer\domains\_common\dwcms\framework\base\CApplication.php(184): CWebApplication->processRequest()
#2 C:\OpenServer\domains\_common\dwcms\index.php(15): CApplication->run()
#3 {main}
REQUEST_URI=/favicon.ico
---
2015/03/09 13:12:02 [error] [exception.CHttpException.404] exception 'CHttpException' with message 'Unable to resolve the request "admin/login".' in C:\OpenServer\domains\_common\dwcms\framework\web\CWebApplication.php:286
Stack trace:
#0 C:\OpenServer\domains\_common\dwcms\framework\web\CWebApplication.php(141): CWebApplication->runController('admin/login')
#1 C:\OpenServer\domains\_common\dwcms\framework\base\CApplication.php(184): CWebApplication->processRequest()
#2 C:\OpenServer\domains\_common\dwcms\index.php(15): CApplication->run()
#3 {main}
REQUEST_URI=/admin/login
---
2015/03/09 13:15:09 [error] [exception.CHttpException.404] exception 'CHttpException' with message 'Unable to resolve the request "en_us/admin/main/login".' in C:\OpenServer\domains\_common\dwcms\framework\web\CWebApplication.php:286
Stack trace:
#0 C:\OpenServer\domains\_common\dwcms\framework\web\CWebApplication.php(141): CWebApplication->runController('en_us/admin/mai...')
#1 C:\OpenServer\domains\_common\dwcms\framework\base\CApplication.php(184): CWebApplication->processRequest()
#2 C:\OpenServer\domains\_common\dwcms\index.php(15): CApplication->run()
#3 {main}
REQUEST_URI=/en_us/admin/main/login
---
2015/03/09 13:15:09 [error] [exception.CHttpException.404] exception 'CHttpException' with message 'Unable to resolve the request "favicon.ico".' in C:\OpenServer\domains\_common\dwcms\framework\web\CWebApplication.php:286
Stack trace:
#0 C:\OpenServer\domains\_common\dwcms\framework\web\CWebApplication.php(141): CWebApplication->runController('favicon.ico')
#1 C:\OpenServer\domains\_common\dwcms\framework\base\CApplication.php(184): CWebApplication->processRequest()
#2 C:\OpenServer\domains\_common\dwcms\index.php(15): CApplication->run()
#3 {main}
REQUEST_URI=/favicon.ico
---
2015/03/09 13:15:09 [error] [exception.CHttpException.404] exception 'CHttpException' with message 'Unable to resolve the request "favicon.ico".' in C:\OpenServer\domains\_common\dwcms\framework\web\CWebApplication.php:286
Stack trace:
#0 C:\OpenServer\domains\_common\dwcms\framework\web\CWebApplication.php(141): CWebApplication->runController('favicon.ico')
#1 C:\OpenServer\domains\_common\dwcms\framework\base\CApplication.php(184): CWebApplication->processRequest()
#2 C:\OpenServer\domains\_common\dwcms\index.php(15): CApplication->run()
#3 {main}
REQUEST_URI=/favicon.ico
---
2015/03/09 13:15:58 [error] [exception.CHttpException.404] exception 'CHttpException' with message 'Unable to resolve the request "en_us/admin/main/login".' in C:\OpenServer\domains\_common\dwcms\framework\web\CWebApplication.php:286
Stack trace:
#0 C:\OpenServer\domains\_common\dwcms\framework\web\CWebApplication.php(141): CWebApplication->runController('en_us/admin/mai...')
#1 C:\OpenServer\domains\_common\dwcms\framework\base\CApplication.php(184): CWebApplication->processRequest()
#2 C:\OpenServer\domains\_common\dwcms\index.php(15): CApplication->run()
#3 {main}
REQUEST_URI=/en_us/admin/main/login
---
2015/03/09 13:15:58 [error] [exception.CHttpException.404] exception 'CHttpException' with message 'Unable to resolve the request "favicon.ico".' in C:\OpenServer\domains\_common\dwcms\framework\web\CWebApplication.php:286
Stack trace:
#0 C:\OpenServer\domains\_common\dwcms\framework\web\CWebApplication.php(141): CWebApplication->runController('favicon.ico')
#1 C:\OpenServer\domains\_common\dwcms\framework\base\CApplication.php(184): CWebApplication->processRequest()
#2 C:\OpenServer\domains\_common\dwcms\index.php(15): CApplication->run()
#3 {main}
REQUEST_URI=/favicon.ico
---
2015/03/09 13:15:59 [error] [exception.CHttpException.404] exception 'CHttpException' with message 'Unable to resolve the request "favicon.ico".' in C:\OpenServer\domains\_common\dwcms\framework\web\CWebApplication.php:286
Stack trace:
#0 C:\OpenServer\domains\_common\dwcms\framework\web\CWebApplication.php(141): CWebApplication->runController('favicon.ico')
#1 C:\OpenServer\domains\_common\dwcms\framework\base\CApplication.php(184): CWebApplication->processRequest()
#2 C:\OpenServer\domains\_common\dwcms\index.php(15): CApplication->run()
#3 {main}
REQUEST_URI=/favicon.ico
---
2015/03/09 13:16:14 [error] [exception.CHttpException.404] exception 'CHttpException' with message 'Unable to resolve the request "en_us/admin/main/login".' in C:\OpenServer\domains\_common\dwcms\framework\web\CWebApplication.php:286
Stack trace:
#0 C:\OpenServer\domains\_common\dwcms\framework\web\CWebApplication.php(141): CWebApplication->runController('en_us/admin/mai...')
#1 C:\OpenServer\domains\_common\dwcms\framework\base\CApplication.php(184): CWebApplication->processRequest()
#2 C:\OpenServer\domains\_common\dwcms\index.php(15): CApplication->run()
#3 {main}
REQUEST_URI=/en_us/admin/main/login
---
2015/03/09 13:17:54 [error] [exception.CHttpException.404] exception 'CHttpException' with message 'Unable to resolve the request "en_us/admin/main/login".' in C:\OpenServer\domains\_common\dwcms\framework\web\CWebApplication.php:286
Stack trace:
#0 C:\OpenServer\domains\_common\dwcms\framework\web\CWebApplication.php(141): CWebApplication->runController('en_us/admin/mai...')
#1 C:\OpenServer\domains\_common\dwcms\framework\base\CApplication.php(184): CWebApplication->processRequest()
#2 C:\OpenServer\domains\_common\dwcms\index.php(15): CApplication->run()
#3 {main}
REQUEST_URI=/en_us/admin/main/login
---
2015/03/09 13:18:25 [error] [exception.CHttpException.404] exception 'CHttpException' with message 'Unable to resolve the request "en_us/admin/main/login".' in C:\OpenServer\domains\_common\dwcms\framework\web\CWebApplication.php:286
Stack trace:
#0 C:\OpenServer\domains\_common\dwcms\framework\web\CWebApplication.php(141): CWebApplication->runController('en_us/admin/mai...')
#1 C:\OpenServer\domains\_common\dwcms\framework\base\CApplication.php(184): CWebApplication->processRequest()
#2 C:\OpenServer\domains\_common\dwcms\index.php(15): CApplication->run()
#3 {main}
REQUEST_URI=/en_us/admin/main/login
---
2015/03/09 13:39:37 [error] [exception.CException] exception 'CException' with message 'CWebApplication and its behaviors do not have a method or closure named "createAdminUrl".' in C:\OpenServer\domains\_common\dwcms\framework\base\CComponent.php:266
Stack trace:
#0 C:\OpenServer\domains\_common\dwcms\protected\modules\admin\components\ControllerAdmin.php(93): CComponent->__call('createAdminUrl', Array)
#1 C:\OpenServer\domains\_common\dwcms\protected\modules\admin\components\ControllerAdmin.php(93): CWebApplication->createAdminUrl('/admin/main/log...')
#2 C:\OpenServer\domains\_common\dwcms\framework\web\CController.php(306): ControllerAdmin->beforeAction(Object(CInlineAction))
#3 C:\OpenServer\domains\_common\dwcms\framework\web\CController.php(286): CController->runAction(Object(CInlineAction))
#4 C:\OpenServer\domains\_common\dwcms\framework\web\CController.php(265): CController->runActionWithFilters(Object(CInlineAction), Array)
#5 C:\OpenServer\domains\_common\dwcms\framework\web\CWebApplication.php(282): CController->run('index')
#6 C:\OpenServer\domains\_common\dwcms\framework\web\CWebApplication.php(141): CWebApplication->runController('admin/main/inde...')
#7 C:\OpenServer\domains\_common\dwcms\framework\base\CApplication.php(184): CWebApplication->processRequest()
#8 C:\OpenServer\domains\_common\dwcms\index.php(15): CApplication->run()
#9 {main}
REQUEST_URI=/admin
---
2015/03/09 13:48:11 [error] [exception.CHttpException.404] exception 'CHttpException' with message 'Unable to resolve the request "en_us/admin/main/login".' in C:\OpenServer\domains\_common\dwcms\framework\web\CWebApplication.php:286
Stack trace:
#0 C:\OpenServer\domains\_common\dwcms\framework\web\CWebApplication.php(141): CWebApplication->runController('en_us/admin/mai...')
#1 C:\OpenServer\domains\_common\dwcms\framework\base\CApplication.php(184): CWebApplication->processRequest()
#2 C:\OpenServer\domains\_common\dwcms\index.php(15): CApplication->run()
#3 {main}
REQUEST_URI=/en_us/admin/main/login
---
2015/03/09 13:48:51 [error] [exception.CHttpException.404] exception 'CHttpException' with message 'Unable to resolve the request "en_us/admin/main/login".' in C:\OpenServer\domains\_common\dwcms\framework\web\CWebApplication.php:286
Stack trace:
#0 C:\OpenServer\domains\_common\dwcms\framework\web\CWebApplication.php(141): CWebApplication->runController('en_us/admin/mai...')
#1 C:\OpenServer\domains\_common\dwcms\framework\base\CApplication.php(184): CWebApplication->processRequest()
#2 C:\OpenServer\domains\_common\dwcms\index.php(15): CApplication->run()
#3 {main}
REQUEST_URI=/en_us/admin/main/login
---
2015/03/09 13:49:39 [error] [php] Cannot modify header information - headers already sent by (output started at C:\OpenServer\domains\_common\dwcms\globals.php:25) (C:\OpenServer\domains\_common\dwcms\framework\web\CHttpRequest.php:860)
Stack trace:
#0 C:\OpenServer\domains\_common\dwcms\protected\modules\admin\components\ControllerAdmin.php(94): MainController->redirect()
#1 C:\OpenServer\domains\_common\dwcms\framework\web\CController.php(306): MainController->beforeAction()
#2 C:\OpenServer\domains\_common\dwcms\framework\web\CController.php(286): MainController->runAction()
#3 C:\OpenServer\domains\_common\dwcms\framework\web\CController.php(265): MainController->runActionWithFilters()
#4 C:\OpenServer\domains\_common\dwcms\framework\web\CWebApplication.php(282): MainController->run()
#5 C:\OpenServer\domains\_common\dwcms\framework\web\CWebApplication.php(141): CWebApplication->runController()
#6 C:\OpenServer\domains\_common\dwcms\framework\base\CApplication.php(184): CWebApplication->processRequest()
#7 C:\OpenServer\domains\_common\dwcms\index.php(15): CWebApplication->run()
REQUEST_URI=/admin
in C:\OpenServer\domains\_common\dwcms\protected\modules\admin\components\ControllerAdmin.php (94)
in C:\OpenServer\domains\_common\dwcms\index.php (15)
2015/03/09 13:49:43 [error] [php] Cannot modify header information - headers already sent by (output started at C:\OpenServer\domains\_common\dwcms\globals.php:25) (C:\OpenServer\domains\_common\dwcms\framework\web\CHttpRequest.php:860)
Stack trace:
#0 C:\OpenServer\domains\_common\dwcms\protected\modules\admin\components\ControllerAdmin.php(94): MainController->redirect()
#1 C:\OpenServer\domains\_common\dwcms\framework\web\CController.php(306): MainController->beforeAction()
#2 C:\OpenServer\domains\_common\dwcms\framework\web\CController.php(286): MainController->runAction()
#3 C:\OpenServer\domains\_common\dwcms\framework\web\CController.php(265): MainController->runActionWithFilters()
#4 C:\OpenServer\domains\_common\dwcms\framework\web\CWebApplication.php(282): MainController->run()
#5 C:\OpenServer\domains\_common\dwcms\framework\web\CWebApplication.php(141): CWebApplication->runController()
#6 C:\OpenServer\domains\_common\dwcms\framework\base\CApplication.php(184): CWebApplication->processRequest()
#7 C:\OpenServer\domains\_common\dwcms\index.php(15): CWebApplication->run()
REQUEST_URI=/admin
in C:\OpenServer\domains\_common\dwcms\protected\modules\admin\components\ControllerAdmin.php (94)
in C:\OpenServer\domains\_common\dwcms\index.php (15)
2015/03/09 13:50:06 [error] [php] Cannot modify header information - headers already sent by (output started at C:\OpenServer\domains\_common\dwcms\globals.php:25) (C:\OpenServer\domains\_common\dwcms\framework\web\CHttpRequest.php:860)
Stack trace:
#0 C:\OpenServer\domains\_common\dwcms\protected\modules\admin\components\ControllerAdmin.php(94): MainController->redirect()
#1 C:\OpenServer\domains\_common\dwcms\framework\web\CController.php(306): MainController->beforeAction()
#2 C:\OpenServer\domains\_common\dwcms\framework\web\CController.php(286): MainController->runAction()
#3 C:\OpenServer\domains\_common\dwcms\framework\web\CController.php(265): MainController->runActionWithFilters()
#4 C:\OpenServer\domains\_common\dwcms\framework\web\CWebApplication.php(282): MainController->run()
#5 C:\OpenServer\domains\_common\dwcms\framework\web\CWebApplication.php(141): CWebApplication->runController()
#6 C:\OpenServer\domains\_common\dwcms\framework\base\CApplication.php(184): CWebApplication->processRequest()
#7 C:\OpenServer\domains\_common\dwcms\index.php(15): CWebApplication->run()
REQUEST_URI=/admin
in C:\OpenServer\domains\_common\dwcms\protected\modules\admin\components\ControllerAdmin.php (94)
in C:\OpenServer\domains\_common\dwcms\index.php (15)
2015/03/09 13:50:19 [error] [exception.CHttpException.404] exception 'CHttpException' with message 'Unable to resolve the request "en_us/admin/main/login".' in C:\OpenServer\domains\_common\dwcms\framework\web\CWebApplication.php:286
Stack trace:
#0 C:\OpenServer\domains\_common\dwcms\framework\web\CWebApplication.php(141): CWebApplication->runController('en_us/admin/mai...')
#1 C:\OpenServer\domains\_common\dwcms\framework\base\CApplication.php(184): CWebApplication->processRequest()
#2 C:\OpenServer\domains\_common\dwcms\index.php(15): CApplication->run()
#3 {main}
REQUEST_URI=/en_us/admin/main/login
---
2015/03/09 13:52:07 [error] [php] Cannot modify header information - headers already sent by (output started at C:\OpenServer\domains\_common\dwcms\globals.php:25) (C:\OpenServer\domains\_common\dwcms\framework\web\CHttpRequest.php:860)
Stack trace:
#0 C:\OpenServer\domains\_common\dwcms\protected\modules\admin\components\ControllerAdmin.php(94): MainController->redirect()
#1 C:\OpenServer\domains\_common\dwcms\framework\web\CController.php(306): MainController->beforeAction()
#2 C:\OpenServer\domains\_common\dwcms\framework\web\CController.php(286): MainController->runAction()
#3 C:\OpenServer\domains\_common\dwcms\framework\web\CController.php(265): MainController->runActionWithFilters()
#4 C:\OpenServer\domains\_common\dwcms\framework\web\CWebApplication.php(282): MainController->run()
#5 C:\OpenServer\domains\_common\dwcms\framework\web\CWebApplication.php(141): CWebApplication->runController()
#6 C:\OpenServer\domains\_common\dwcms\framework\base\CApplication.php(184): CWebApplication->processRequest()
#7 C:\OpenServer\domains\_common\dwcms\index.php(15): CWebApplication->run()
REQUEST_URI=/admin
in C:\OpenServer\domains\_common\dwcms\protected\modules\admin\components\ControllerAdmin.php (94)
in C:\OpenServer\domains\_common\dwcms\index.php (15)
2015/03/09 15:00:30 [error] [exception.CHttpException.404] exception 'CHttpException' with message 'Unable to resolve the request "favicon.ico".' in C:\OpenServer\domains\_common\dwcms\framework\web\CWebApplication.php:286
Stack trace:
#0 C:\OpenServer\domains\_common\dwcms\framework\web\CWebApplication.php(141): CWebApplication->runController('favicon.ico')
#1 C:\OpenServer\domains\_common\dwcms\framework\base\CApplication.php(184): CWebApplication->processRequest()
#2 C:\OpenServer\domains\_common\dwcms\index.php(15): CApplication->run()
#3 {main}
REQUEST_URI=/favicon.ico
---
2015/03/09 15:00:30 [error] [exception.CHttpException.404] exception 'CHttpException' with message 'Unable to resolve the request "favicon.ico".' in C:\OpenServer\domains\_common\dwcms\framework\web\CWebApplication.php:286
Stack trace:
#0 C:\OpenServer\domains\_common\dwcms\framework\web\CWebApplication.php(141): CWebApplication->runController('favicon.ico')
#1 C:\OpenServer\domains\_common\dwcms\framework\base\CApplication.php(184): CWebApplication->processRequest()
#2 C:\OpenServer\domains\_common\dwcms\index.php(15): CApplication->run()
#3 {main}
REQUEST_URI=/favicon.ico
---
2015/03/09 15:09:44 [error] [exception.CHttpException.404] exception 'CHttpException' with message 'Unable to resolve the request "favicon.ico".' in C:\OpenServer\domains\_common\dwcms\framework\web\CWebApplication.php:286
Stack trace:
#0 C:\OpenServer\domains\_common\dwcms\framework\web\CWebApplication.php(141): CWebApplication->runController('favicon.ico')
#1 C:\OpenServer\domains\_common\dwcms\framework\base\CApplication.php(184): CWebApplication->processRequest()
#2 C:\OpenServer\domains\_common\dwcms\index.php(15): CApplication->run()
#3 {main}
REQUEST_URI=/favicon.ico
---
2015/03/09 15:09:44 [error] [exception.CHttpException.404] exception 'CHttpException' with message 'Unable to resolve the request "favicon.ico".' in C:\OpenServer\domains\_common\dwcms\framework\web\CWebApplication.php:286
Stack trace:
#0 C:\OpenServer\domains\_common\dwcms\framework\web\CWebApplication.php(141): CWebApplication->runController('favicon.ico')
#1 C:\OpenServer\domains\_common\dwcms\framework\base\CApplication.php(184): CWebApplication->processRequest()
#2 C:\OpenServer\domains\_common\dwcms\index.php(15): CApplication->run()
#3 {main}
REQUEST_URI=/favicon.ico
---
2015/03/09 15:11:31 [error] [exception.CHttpException.404] exception 'CHttpException' with message 'Unable to resolve the request "favicon.ico".' in C:\OpenServer\domains\_common\dwcms\framework\web\CWebApplication.php:286
Stack trace:
#0 C:\OpenServer\domains\_common\dwcms\framework\web\CWebApplication.php(141): CWebApplication->runController('favicon.ico')
#1 C:\OpenServer\domains\_common\dwcms\framework\base\CApplication.php(184): CWebApplication->processRequest()
#2 C:\OpenServer\domains\_common\dwcms\index.php(15): CApplication->run()
#3 {main}
REQUEST_URI=/favicon.ico
---
2015/03/09 15:11:31 [error] [exception.CHttpException.404] exception 'CHttpException' with message 'Unable to resolve the request "favicon.ico".' in C:\OpenServer\domains\_common\dwcms\framework\web\CWebApplication.php:286
Stack trace:
#0 C:\OpenServer\domains\_common\dwcms\framework\web\CWebApplication.php(141): CWebApplication->runController('favicon.ico')
#1 C:\OpenServer\domains\_common\dwcms\framework\base\CApplication.php(184): CWebApplication->processRequest()
#2 C:\OpenServer\domains\_common\dwcms\index.php(15): CApplication->run()
#3 {main}
REQUEST_URI=/favicon.ico
---
2015/03/09 16:11:07 [error] [exception.CHttpException.404] exception 'CHttpException' with message 'Unable to resolve the request "favicon.ico".' in C:\OpenServer\domains\_common\dwcms\framework\web\CWebApplication.php:286
Stack trace:
#0 C:\OpenServer\domains\_common\dwcms\framework\web\CWebApplication.php(141): CWebApplication->runController('favicon.ico')
#1 C:\OpenServer\domains\_common\dwcms\framework\base\CApplication.php(184): CWebApplication->processRequest()
#2 C:\OpenServer\domains\_common\dwcms\index.php(15): CApplication->run()
#3 {main}
REQUEST_URI=/favicon.ico
---
2015/03/09 16:11:07 [error] [exception.CHttpException.404] exception 'CHttpException' with message 'Unable to resolve the request "favicon.ico".' in C:\OpenServer\domains\_common\dwcms\framework\web\CWebApplication.php:286
Stack trace:
#0 C:\OpenServer\domains\_common\dwcms\framework\web\CWebApplication.php(141): CWebApplication->runController('favicon.ico')
#1 C:\OpenServer\domains\_common\dwcms\framework\base\CApplication.php(184): CWebApplication->processRequest()
#2 C:\OpenServer\domains\_common\dwcms\index.php(15): CApplication->run()
#3 {main}
REQUEST_URI=/favicon.ico
---
2015/03/09 16:16:13 [error] [exception.CHttpException.404] exception 'CHttpException' with message 'Unable to resolve the request "admin".' in C:\OpenServer\domains\_common\dwcms\framework\web\CWebApplication.php:286
Stack trace:
#0 C:\OpenServer\domains\_common\dwcms\framework\web\CWebApplication.php(141): CWebApplication->runController('admin')
#1 C:\OpenServer\domains\_common\dwcms\framework\base\CApplication.php(184): CWebApplication->processRequest()
#2 C:\OpenServer\domains\_common\dwcms\index.php(15): CApplication->run()
#3 {main}
REQUEST_URI=/admin
---
2015/03/09 16:17:43 [error] [exception.CHttpException.404] exception 'CHttpException' with message 'Unable to resolve the request "favicon.ico".' in C:\OpenServer\domains\_common\dwcms\framework\web\CWebApplication.php:286
Stack trace:
#0 C:\OpenServer\domains\_common\dwcms\framework\web\CWebApplication.php(141): CWebApplication->runController('favicon.ico')
#1 C:\OpenServer\domains\_common\dwcms\framework\base\CApplication.php(184): CWebApplication->processRequest()
#2 C:\OpenServer\domains\_common\dwcms\index.php(15): CApplication->run()
#3 {main}
REQUEST_URI=/favicon.ico
---
2015/03/09 16:17:43 [error] [exception.CHttpException.404] exception 'CHttpException' with message 'Unable to resolve the request "favicon.ico".' in C:\OpenServer\domains\_common\dwcms\framework\web\CWebApplication.php:286
Stack trace:
#0 C:\OpenServer\domains\_common\dwcms\framework\web\CWebApplication.php(141): CWebApplication->runController('favicon.ico')
#1 C:\OpenServer\domains\_common\dwcms\framework\base\CApplication.php(184): CWebApplication->processRequest()
#2 C:\OpenServer\domains\_common\dwcms\index.php(15): CApplication->run()
#3 {main}
REQUEST_URI=/favicon.ico
---
2015/03/09 20:21:21 [error] [exception.CHttpException.404] exception 'CHttpException' with message 'Unable to resolve the request "favicon.ico".' in C:\OpenServer\domains\_git\cms\framework\web\CWebApplication.php:286
Stack trace:
#0 C:\OpenServer\domains\_git\cms\framework\web\CWebApplication.php(141): CWebApplication->runController('favicon.ico')
#1 C:\OpenServer\domains\_git\cms\framework\base\CApplication.php(184): CWebApplication->processRequest()
#2 C:\OpenServer\domains\_git\cms\index.php(15): CApplication->run()
#3 {main}
REQUEST_URI=/favicon.ico
---
2015/03/09 20:21:21 [error] [exception.CHttpException.404] exception 'CHttpException' with message 'Unable to resolve the request "favicon.ico".' in C:\OpenServer\domains\_git\cms\framework\web\CWebApplication.php:286
Stack trace:
#0 C:\OpenServer\domains\_git\cms\framework\web\CWebApplication.php(141): CWebApplication->runController('favicon.ico')
#1 C:\OpenServer\domains\_git\cms\framework\base\CApplication.php(184): CWebApplication->processRequest()
#2 C:\OpenServer\domains\_git\cms\index.php(15): CApplication->run()
#3 {main}
REQUEST_URI=/favicon.ico
---
2015/05/17 13:17:14 [error] [exception.CHttpException.404] exception 'CHttpException' with message 'Unable to resolve the request "favicon.ico".' in C:\OpenServer\domains\_GIT\cms\framework\web\CWebApplication.php:286
Stack trace:
#0 C:\OpenServer\domains\_GIT\cms\framework\web\CWebApplication.php(141): CWebApplication->runController('favicon.ico')
#1 C:\OpenServer\domains\_GIT\cms\framework\base\CApplication.php(184): CWebApplication->processRequest()
#2 C:\OpenServer\domains\_GIT\cms\index.php(15): CApplication->run()
#3 {main}
REQUEST_URI=/favicon.ico
---
2015/05/17 13:17:14 [error] [exception.CHttpException.404] exception 'CHttpException' with message 'Unable to resolve the request "favicon.ico".' in C:\OpenServer\domains\_GIT\cms\framework\web\CWebApplication.php:286
Stack trace:
#0 C:\OpenServer\domains\_GIT\cms\framework\web\CWebApplication.php(141): CWebApplication->runController('favicon.ico')
#1 C:\OpenServer\domains\_GIT\cms\framework\base\CApplication.php(184): CWebApplication->processRequest()
#2 C:\OpenServer\domains\_GIT\cms\index.php(15): CApplication->run()
#3 {main}
REQUEST_URI=/favicon.ico
---
2015/05/21 22:55:38 [error] [exception.CHttpException.404] exception 'CHttpException' with message 'Unable to resolve the request "favicon.ico".' in C:\OpenServer\domains\_GIT\cms\framework\web\CWebApplication.php:286
Stack trace:
#0 C:\OpenServer\domains\_GIT\cms\framework\web\CWebApplication.php(141): CWebApplication->runController('favicon.ico')
#1 C:\OpenServer\domains\_GIT\cms\framework\base\CApplication.php(184): CWebApplication->processRequest()
#2 C:\OpenServer\domains\_GIT\cms\index.php(15): CApplication->run()
#3 {main}
REQUEST_URI=/favicon.ico
---
2015/05/21 22:55:38 [error] [exception.CHttpException.404] exception 'CHttpException' with message 'Unable to resolve the request "favicon.ico".' in C:\OpenServer\domains\_GIT\cms\framework\web\CWebApplication.php:286
Stack trace:
#0 C:\OpenServer\domains\_GIT\cms\framework\web\CWebApplication.php(141): CWebApplication->runController('favicon.ico')
#1 C:\OpenServer\domains\_GIT\cms\framework\base\CApplication.php(184): CWebApplication->processRequest()
#2 C:\OpenServer\domains\_GIT\cms\index.php(15): CApplication->run()
#3 {main}
REQUEST_URI=/favicon.ico
---
2015/05/21 21:56:14 [error] [php] include(AdminLanguage.php): failed to open stream: No such file or directory (C:\OpenServer\domains\_GIT\cms\framework\YiiBase.php:432)
Stack trace:
#0 C:\OpenServer\domains\_GIT\cms\protected\components\UrlManager.php(19): spl_autoload_call()
#1 C:\OpenServer\domains\_GIT\cms\protected\modules\admin\components\ControllerAdmin.php(40): UrlManager->createAdminUrl()
#2 C:\OpenServer\domains\_GIT\cms\framework\web\CController.php(306): MainController->beforeAction()
#3 C:\OpenServer\domains\_GIT\cms\framework\web\CController.php(286): MainController->runAction()
#4 C:\OpenServer\domains\_GIT\cms\framework\web\CController.php(265): MainController->runActionWithFilters()
#5 C:\OpenServer\domains\_GIT\cms\framework\web\CWebApplication.php(282): MainController->run()
#6 C:\OpenServer\domains\_GIT\cms\framework\web\CWebApplication.php(141): CWebApplication->runController()
#7 C:\OpenServer\domains\_GIT\cms\framework\base\CApplication.php(184): CWebApplication->processRequest()
#8 C:\OpenServer\domains\_GIT\cms\index.php(15): CWebApplication->run()
REQUEST_URI=/admin
in C:\OpenServer\domains\_GIT\cms\protected\components\UrlManager.php (19)
in C:\OpenServer\domains\_GIT\cms\protected\modules\admin\components\ControllerAdmin.php (40)
in C:\OpenServer\domains\_GIT\cms\index.php (15)
2015/05/22 00:07:28 [error] [php] include(AdminLanguage.php): failed to open stream: No such file or directory (C:\OpenServer\domains\_GIT\cms\framework\YiiBase.php:432)
Stack trace:
#0 C:\OpenServer\domains\_GIT\cms\protected\components\UrlManager.php(19): spl_autoload_call()
#1 C:\OpenServer\domains\_GIT\cms\protected\modules\admin\components\ControllerAdmin.php(40): UrlManager->createAdminUrl()
#2 C:\OpenServer\domains\_GIT\cms\framework\web\CController.php(306): MainController->beforeAction()
#3 C:\OpenServer\domains\_GIT\cms\framework\web\CController.php(286): MainController->runAction()
#4 C:\OpenServer\domains\_GIT\cms\framework\web\CController.php(265): MainController->runActionWithFilters()
#5 C:\OpenServer\domains\_GIT\cms\framework\web\CWebApplication.php(282): MainController->run()
#6 C:\OpenServer\domains\_GIT\cms\framework\web\CWebApplication.php(141): CWebApplication->runController()
#7 C:\OpenServer\domains\_GIT\cms\framework\base\CApplication.php(184): CWebApplication->processRequest()
#8 C:\OpenServer\domains\_GIT\cms\index.php(15): CWebApplication->run()
REQUEST_URI=/admin
in C:\OpenServer\domains\_GIT\cms\protected\components\UrlManager.php (19)
in C:\OpenServer\domains\_GIT\cms\protected\modules\admin\components\ControllerAdmin.php (40)
in C:\OpenServer\domains\_GIT\cms\index.php (15)
2015/05/22 00:10:06 [error] [php] include(AdminLanguage.php): failed to open stream: No such file or directory (C:\OpenServer\domains\_GIT\cms\framework\YiiBase.php:432)
Stack trace:
#0 C:\OpenServer\domains\_GIT\cms\protected\components\UrlManager.php(19): spl_autoload_call()
#1 C:\OpenServer\domains\_GIT\cms\protected\modules\admin\components\ControllerAdmin.php(40): UrlManager->createAdminUrl()
#2 C:\OpenServer\domains\_GIT\cms\framework\web\CController.php(306): MainController->beforeAction()
#3 C:\OpenServer\domains\_GIT\cms\framework\web\CController.php(286): MainController->runAction()
#4 C:\OpenServer\domains\_GIT\cms\framework\web\CController.php(265): MainController->runActionWithFilters()
#5 C:\OpenServer\domains\_GIT\cms\framework\web\CWebApplication.php(282): MainController->run()
#6 C:\OpenServer\domains\_GIT\cms\framework\web\CWebApplication.php(141): CWebApplication->runController()
#7 C:\OpenServer\domains\_GIT\cms\framework\base\CApplication.php(184): CWebApplication->processRequest()
#8 C:\OpenServer\domains\_GIT\cms\index.php(15): CWebApplication->run()
REQUEST_URI=/admin
in C:\OpenServer\domains\_GIT\cms\protected\components\UrlManager.php (19)
in C:\OpenServer\domains\_GIT\cms\protected\modules\admin\components\ControllerAdmin.php (40)
in C:\OpenServer\domains\_GIT\cms\index.php (15)
2015/05/22 00:12:32 [error] [php] include(AdminLanguage.php): failed to open stream: No such file or directory (C:\OpenServer\domains\_GIT\cms\framework\YiiBase.php:432)
Stack trace:
#0 C:\OpenServer\domains\_GIT\cms\protected\components\UrlManager.php(19): spl_autoload_call()
#1 C:\OpenServer\domains\_GIT\cms\protected\modules\admin\components\ControllerAdmin.php(40): UrlManager->createAdminUrl()
#2 C:\OpenServer\domains\_GIT\cms\framework\web\CController.php(306): MainController->beforeAction()
#3 C:\OpenServer\domains\_GIT\cms\framework\web\CController.php(286): MainController->runAction()
#4 C:\OpenServer\domains\_GIT\cms\framework\web\CController.php(265): MainController->runActionWithFilters()
#5 C:\OpenServer\domains\_GIT\cms\framework\web\CWebApplication.php(282): MainController->run()
#6 C:\OpenServer\domains\_GIT\cms\framework\web\CWebApplication.php(141): CWebApplication->runController()
#7 C:\OpenServer\domains\_GIT\cms\framework\base\CApplication.php(184): CWebApplication->processRequest()
#8 C:\OpenServer\domains\_GIT\cms\index.php(15): CWebApplication->run()
REQUEST_URI=/admin
in C:\OpenServer\domains\_GIT\cms\protected\components\UrlManager.php (19)
in C:\OpenServer\domains\_GIT\cms\protected\modules\admin\components\ControllerAdmin.php (40)
in C:\OpenServer\domains\_GIT\cms\index.php (15)
2015/05/22 00:13:23 [error] [exception.CException] exception 'CException' with message 'UrlManager and its behaviors do not have a method or closure named "createAdminUrl".' in C:\OpenServer\domains\_GIT\cms\framework\base\CComponent.php:266
Stack trace:
#0 C:\OpenServer\domains\_GIT\cms\protected\modules\admin\components\ControllerAdmin.php(40): CComponent->__call('createAdminUrl', Array)
#1 C:\OpenServer\domains\_GIT\cms\protected\modules\admin\components\ControllerAdmin.php(40): UrlManager->createAdminUrl('/admin/main/log...')
#2 C:\OpenServer\domains\_GIT\cms\framework\web\CController.php(306): ControllerAdmin->beforeAction(Object(CInlineAction))
#3 C:\OpenServer\domains\_GIT\cms\framework\web\CController.php(286): CController->runAction(Object(CInlineAction))
#4 C:\OpenServer\domains\_GIT\cms\framework\web\CController.php(265): CController->runActionWithFilters(Object(CInlineAction), Array)
#5 C:\OpenServer\domains\_GIT\cms\framework\web\CWebApplication.php(282): CController->run('index')
#6 C:\OpenServer\domains\_GIT\cms\framework\web\CWebApplication.php(141): CWebApplication->runController('admin/main/inde...')
#7 C:\OpenServer\domains\_GIT\cms\framework\base\CApplication.php(184): CWebApplication->processRequest()
#8 C:\OpenServer\domains\_GIT\cms\index.php(15): CApplication->run()
#9 {main}
REQUEST_URI=/admin
---
2015/05/22 00:28:13 [error] [exception.CException] exception 'CException' with message 'UrlManager and its behaviors do not have a method or closure named "createAdminUrl".' in C:\OpenServer\domains\_GIT\cms\framework\base\CComponent.php:266
Stack trace:
#0 C:\OpenServer\domains\_GIT\cms\protected\modules\admin\controllers\MainController.php(28): CComponent->__call('createAdminUrl', Array)
#1 C:\OpenServer\domains\_GIT\cms\protected\modules\admin\controllers\MainController.php(28): UrlManager->createAdminUrl('/admin/main/ind...')
#2 C:\OpenServer\domains\_GIT\cms\framework\web\actions\CInlineAction.php(49): MainController->actionLogin()
#3 C:\OpenServer\domains\_GIT\cms\framework\web\CController.php(308): CInlineAction->runWithParams(Array)
#4 C:\OpenServer\domains\_GIT\cms\framework\web\CController.php(286): CController->runAction(Object(CInlineAction))
#5 C:\OpenServer\domains\_GIT\cms\framework\web\CController.php(265): CController->runActionWithFilters(Object(CInlineAction), Array)
#6 C:\OpenServer\domains\_GIT\cms\framework\web\CWebApplication.php(282): CController->run('login')
#7 C:\OpenServer\domains\_GIT\cms\framework\web\CWebApplication.php(141): CWebApplication->runController('admin/main/logi...')
#8 C:\OpenServer\domains\_GIT\cms\framework\base\CApplication.php(184): CWebApplication->processRequest()
#9 C:\OpenServer\domains\_GIT\cms\index.php(15): CApplication->run()
#10 {main}
REQUEST_URI=/en/admin/main/login
HTTP_REFERER=http://cms.loc/en/admin/main/login
---
2015/05/22 00:28:37 [error] [exception.CException] exception 'CException' with message 'MainController cannot find the requested view "index".' in C:\OpenServer\domains\_GIT\cms\framework\web\CController.php:878
Stack trace:
#0 C:\OpenServer\domains\_GIT\cms\framework\web\CController.php(782): CController->renderPartial('index', NULL, true)
#1 C:\OpenServer\domains\_GIT\cms\protected\modules\admin\controllers\MainController.php(7): CController->render('index')
#2 C:\OpenServer\domains\_GIT\cms\framework\web\actions\CInlineAction.php(49): MainController->actionIndex()
#3 C:\OpenServer\domains\_GIT\cms\framework\web\CController.php(308): CInlineAction->runWithParams(Array)
#4 C:\OpenServer\domains\_GIT\cms\framework\web\CController.php(286): CController->runAction(Object(CInlineAction))
#5 C:\OpenServer\domains\_GIT\cms\framework\web\CController.php(265): CController->runActionWithFilters(Object(CInlineAction), Array)
#6 C:\OpenServer\domains\_GIT\cms\framework\web\CWebApplication.php(282): CController->run('index')
#7 C:\OpenServer\domains\_GIT\cms\framework\web\CWebApplication.php(141): CWebApplication->runController('admin/main/inde...')
#8 C:\OpenServer\domains\_GIT\cms\framework\base\CApplication.php(184): CWebApplication->processRequest()
#9 C:\OpenServer\domains\_GIT\cms\index.php(15): CApplication->run()
#10 {main}
REQUEST_URI=/en/admin
HTTP_REFERER=http://cms.loc/en/admin/main/login
---
2015/05/25 16:36:20 [error] [exception.CHttpException.404] exception 'CHttpException' with message 'Unable to resolve the request "css/main.css".' in C:\OpenServer\domains\_git\BCIW\framework\web\CWebApplication.php:286
Stack trace:
#0 C:\OpenServer\domains\_git\BCIW\framework\web\CWebApplication.php(141): CWebApplication->runController('css/main.css')
#1 C:\OpenServer\domains\_git\BCIW\framework\base\CApplication.php(184): CWebApplication->processRequest()
#2 C:\OpenServer\domains\_git\BCIW\index.php(15): CApplication->run()
#3 {main}
REQUEST_URI=/css/main.css
HTTP_REFERER=http://bciw.loc/
---
2015/05/25 16:36:20 [error] [exception.CHttpException.404] exception 'CHttpException' with message 'Unable to resolve the request "favicon.ico".' in C:\OpenServer\domains\_git\BCIW\framework\web\CWebApplication.php:286
Stack trace:
#0 C:\OpenServer\domains\_git\BCIW\framework\web\CWebApplication.php(141): CWebApplication->runController('favicon.ico')
#1 C:\OpenServer\domains\_git\BCIW\framework\base\CApplication.php(184): CWebApplication->processRequest()
#2 C:\OpenServer\domains\_git\BCIW\index.php(15): CApplication->run()
#3 {main}
REQUEST_URI=/favicon.ico
---
2015/05/25 16:36:20 [error] [exception.CHttpException.404] exception 'CHttpException' with message 'Unable to resolve the request "favicon.ico".' in C:\OpenServer\domains\_git\BCIW\framework\web\CWebApplication.php:286
Stack trace:
#0 C:\OpenServer\domains\_git\BCIW\framework\web\CWebApplication.php(141): CWebApplication->runController('favicon.ico')
#1 C:\OpenServer\domains\_git\BCIW\framework\base\CApplication.php(184): CWebApplication->processRequest()
#2 C:\OpenServer\domains\_git\BCIW\index.php(15): CApplication->run()
#3 {main}
REQUEST_URI=/favicon.ico
---
2015/05/25 16:37:16 [error] [exception.CHttpException.404] exception 'CHttpException' with message 'Unable to resolve the request "css/admin/main.css".' in C:\OpenServer\domains\_git\BCIW\framework\web\CWebApplication.php:286
Stack trace:
#0 C:\OpenServer\domains\_git\BCIW\framework\web\CWebApplication.php(141): CWebApplication->runController('css/admin/main....')
#1 C:\OpenServer\domains\_git\BCIW\framework\base\CApplication.php(184): CWebApplication->processRequest()
#2 C:\OpenServer\domains\_git\BCIW\index.php(15): CApplication->run()
#3 {main}
REQUEST_URI=/css/admin/main.css
HTTP_REFERER=http://bciw.loc/en/admin
---
